<?xml version="1.0" encoding="UTF-8"?>
<!-- Generated by org.testng.reporters.JUnitReportReporter -->
<testsuite skipped="0" hostname="HP15s" name="parameterized_Project_OM.Test1" tests="1" failures="0" timestamp="2023-02-11T09:26:54 IST" time="4.019" errors="0">
  <testcase name="verifyText" time="4.019" classname="parameterized_Project_OM.Test1"/>
  <system-out>
    <![CDATA[Running Verify Text]]>
  </system-out>
</testsuite> <!-- parameterized_Project_OM.Test1 -->
