<?xml version="1.0" encoding="UTF-8"?>
<!-- Generated by org.testng.reporters.JUnitReportReporter -->
<testsuite hostname="HP15s" failures="0" tests="2" name="multiBrowser_Cls.MultiBrower_Suite" time="29.496" errors="0" timestamp="2023-01-04T14:29:53 IST" skipped="0">
  <testcase classname="multiBrowser_Cls.MultiBrower_Suite" name="TC" time="15.581"/>
  <system-out/>
  <testcase classname="multiBrowser_Cls.MultiBrower_Suite" name="TC" time="13.915"/>
  <system-out/>
</testsuite> <!-- multiBrowser_Cls.MultiBrower_Suite -->
