<?xml version="1.0" encoding="UTF-8"?>
<!-- Generated by org.testng.reporters.JUnitReportReporter -->
<testsuite hostname="HP15s" failures="0" tests="2" name="class_Programs.Enabled" time="0.010" errors="0" timestamp="2022-12-31T15:19:25 IST" skipped="1">
  <testcase classname="class_Programs.Enabled" name="TC1" time="0.010"/>
  <system-out>
    <![CDATA[It's my First program in TestNG]]>
  </system-out>
  <testcase classname="class_Programs.Enabled" name="TC2">
    <skipped/>
  </testcase> <!-- TC2 -->
  <system-out/>
</testsuite> <!-- class_Programs.Enabled -->
