<?xml version="1.0" encoding="UTF-8"?>
<!-- Generated by org.testng.reporters.JUnitReportReporter -->
<testsuite hostname="HP15s" failures="0" tests="2" name="multiBrowser_Cls.MultiBrower_Sute" time="46.503" errors="0" timestamp="2023-01-04T12:42:04 IST" skipped="0">
  <testcase classname="multiBrowser_Cls.MultiBrower_Sute" name="TC" time="19.562"/>
  <system-out/>
  <testcase classname="multiBrowser_Cls.MultiBrower_Sute" name="TC" time="26.941"/>
  <system-out/>
</testsuite> <!-- multiBrowser_Cls.MultiBrower_Sute -->
