<?xml version="1.0" encoding="UTF-8"?>
<!-- Generated by org.testng.reporters.JUnitReportReporter -->
<testsuite hostname="HP15s" failures="0" tests="1" name="class_Programs.TestNG_Annotations" time="0.012" errors="0" timestamp="2022-12-29T09:50:35 IST" skipped="0">
  <testcase classname="class_Programs.TestNG_Annotations" name="verifyText" time="0.012"/>
  <system-out>
    <![CDATA[Running Actual Test Case]]>
  </system-out>
</testsuite> <!-- class_Programs.TestNG_Annotations -->
