<?xml version="1.0" encoding="UTF-8"?>
<!-- Generated by org.testng.reporters.JUnitReportReporter -->
<testsuite skipped="0" hostname="HP15s" name="data_Provider.Data_Provider" tests="3" failures="0" timestamp="2023-04-19T16:07:08 IST" time="0.013" errors="0">
  <testcase name="sample" time="0.009" classname="data_Provider.Data_Provider"/>
  <system-out/>
  <testcase name="sample" time="0.002" classname="data_Provider.Data_Provider"/>
  <system-out/>
  <testcase name="sample" time="0.002" classname="data_Provider.Data_Provider"/>
  <system-out/>
</testsuite> <!-- data_Provider.Data_Provider -->
