<?xml version="1.0" encoding="UTF-8"?>
<!-- Generated by org.testng.reporters.JUnitReportReporter -->
<testsuite skipped="0" hostname="HP15s" name="batch_Execution_Cls.Sample1" tests="3" failures="0" timestamp="2023-01-13T13:44:58 IST" time="0.005" errors="0">
  <testcase name="TC6" time="0.001" classname="batch_Execution_Cls.Sample1"/>
  <system-out>
    <![CDATA[Running TC6]]>
  </system-out>
  <testcase name="TC4" time="0.002" classname="batch_Execution_Cls.Sample1"/>
  <system-out>
    <![CDATA[Running TC4]]>
  </system-out>
  <testcase name="TC5" time="0.002" classname="batch_Execution_Cls.Sample1"/>
  <system-out>
    <![CDATA[Running TC5]]>
  </system-out>
</testsuite> <!-- batch_Execution_Cls.Sample1 -->
