<?xml version="1.0" encoding="UTF-8"?>
<!-- Generated by org.testng.reporters.JUnitReportReporter -->
<testsuite skipped="0" hostname="HP15s" name="data_Provider.Single_Data_Provider" tests="1" failures="0" timestamp="2023-05-02T12:00:00 IST" time="0.010" errors="0">
  <testcase name="sample" time="0.010" classname="data_Provider.Single_Data_Provider"/>
  <system-out/>
</testsuite> <!-- data_Provider.Single_Data_Provider -->
