<?xml version="1.0" encoding="UTF-8"?>
<!-- Generated by org.testng.reporters.JUnitReportReporter -->
<testsuite hostname="HP15s" failures="0" tests="3" name="class_Programs.Priority" time="0.018" errors="0" timestamp="2022-12-29T11:38:40 IST" skipped="0">
  <testcase classname="class_Programs.Priority" name="Tc3" time="0.012"/>
  <system-out>
    <![CDATA[Running TC3]]>
  </system-out>
  <testcase classname="class_Programs.Priority" name="Tc2" time="0.004"/>
  <system-out>
    <![CDATA[Running TC2]]>
  </system-out>
  <testcase classname="class_Programs.Priority" name="Tc1" time="0.002"/>
  <system-out>
    <![CDATA[Running TC1]]>
  </system-out>
</testsuite> <!-- class_Programs.Priority -->
