<?xml version="1.0" encoding="UTF-8"?>
<!-- Generated by org.testng.reporters.JUnitReportReporter -->
<testsuite hostname="HP15s" failures="0" tests="2" name="class_Programs.Dependsonmethods" time="0.014" errors="0" timestamp="2022-12-31T15:20:18 IST" skipped="0">
  <testcase classname="class_Programs.Dependsonmethods" name="logout" time="0.006"/>
  <system-out>
    <![CDATA[Running Logout Test Case]]>
  </system-out>
  <testcase classname="class_Programs.Dependsonmethods" name="login" time="0.008"/>
  <system-out>
    <![CDATA[Running Login Test Case]]>
  </system-out>
</testsuite> <!-- class_Programs.Dependsonmethods -->
