<?xml version="1.0" encoding="UTF-8"?>
<!-- Generated by org.testng.reporters.JUnitReportReporter -->
<testsuite skipped="0" hostname="HP15s" name="testNG_Practice.Group_Testcases" tests="3" failures="0" timestamp="2023-01-13T14:53:57 IST" time="0.013" errors="0">
  <testcase name="Test2" time="0.002" classname="testNG_Practice.Group_Testcases"/>
  <system-out>
    <![CDATA[hello...]]>
  </system-out>
  <testcase name="Test1" time="0.010" classname="testNG_Practice.Group_Testcases"/>
  <system-out>
    <![CDATA[hello]]>
  </system-out>
  <testcase name="Test3" time="0.001" classname="testNG_Practice.Group_Testcases"/>
  <system-out>
    <![CDATA[hello]]>
  </system-out>
</testsuite> <!-- testNG_Practice.Group_Testcases -->
