<?xml version="1.0" encoding="UTF-8"?>
<!-- Generated by org.testng.reporters.JUnitReportReporter -->
<testsuite skipped="0" hostname="HP15s" name="parallel_Execution.Parallel3" tests="1" failures="0" timestamp="2023-02-02T15:07:34 IST" time="3.858" errors="0">
  <testcase name="TC3" time="3.858" classname="parallel_Execution.Parallel3"/>
  <system-out/>
</testsuite> <!-- parallel_Execution.Parallel3 -->
