<?xml version="1.0" encoding="UTF-8"?>
<!-- Generated by org.testng.reporters.JUnitReportReporter -->
<testsuite skipped="0" hostname="HP15s" name="batch_Execution_Cls.Sample" tests="3" failures="0" timestamp="2023-01-13T13:44:58 IST" time="0.030" errors="0">
  <testcase name="TC2" time="0.004" classname="batch_Execution_Cls.Sample"/>
  <system-out>
    <![CDATA[Running TC2]]>
  </system-out>
  <testcase name="TC3" time="0.011" classname="batch_Execution_Cls.Sample"/>
  <system-out>
    <![CDATA[Running TC3]]>
  </system-out>
  <testcase name="TC1" time="0.015" classname="batch_Execution_Cls.Sample"/>
  <system-out>
    <![CDATA[Running TC1]]>
  </system-out>
</testsuite> <!-- batch_Execution_Cls.Sample -->
