<?xml version="1.0" encoding="UTF-8"?>
<!-- Generated by org.testng.reporters.JUnitReportReporter -->
<testsuite skipped="0" hostname="HP15s" name="batch_Execution_Cls.Sample2" tests="3" failures="0" timestamp="2023-01-13T13:44:58 IST" time="0.006" errors="0">
  <testcase name="TC9" time="0.003" classname="batch_Execution_Cls.Sample2"/>
  <system-out>
    <![CDATA[Running TC9]]>
  </system-out>
  <testcase name="TC8" time="0.002" classname="batch_Execution_Cls.Sample2"/>
  <system-out>
    <![CDATA[Running TC8]]>
  </system-out>
  <testcase name="TC7" time="0.001" classname="batch_Execution_Cls.Sample2"/>
  <system-out>
    <![CDATA[Running TC7]]>
  </system-out>
</testsuite> <!-- batch_Execution_Cls.Sample2 -->
