<?xml version="1.0" encoding="UTF-8"?>
<!-- Generated by org.testng.reporters.JUnitReportReporter -->
<testsuite hostname="HP15s" failures="0" tests="1" name="data_Provider.Single_Data_Provider" time="0.015" errors="0" timestamp="2023-09-14T17:54:31 IST" skipped="0">
  <testcase classname="data_Provider.Single_Data_Provider" name="sample" time="0.015"/>
  <system-out/>
</testsuite> <!-- data_Provider.Single_Data_Provider -->
