<?xml version="1.0" encoding="UTF-8"?>
<!-- Generated by org.testng.reporters.JUnitReportReporter -->
<testsuite hostname="HP15s" failures="0" tests="3" name="class_Programs.Invocation_Count" time="0.013" errors="0" timestamp="2022-12-29T11:38:03 IST" skipped="0">
  <testcase classname="class_Programs.Invocation_Count" name="test" time="0.002"/>
  <system-out>
    <![CDATA[Hey...]]>
  </system-out>
  <testcase classname="class_Programs.Invocation_Count" name="test" time="0.001"/>
  <system-out>
    <![CDATA[Hey...]]>
  </system-out>
  <testcase classname="class_Programs.Invocation_Count" name="test" time="0.010"/>
  <system-out>
    <![CDATA[Hey...]]>
  </system-out>
</testsuite> <!-- class_Programs.Invocation_Count -->
